This is pdfTeX, Version 3.14159265-2.6-1.40.19 (TeX Live 2018) (preloaded format=pdflatex 2018.10.25)  5 MAR 2019 17:05
entering extended mode
 restricted \write18 enabled.
 %&-line parsing enabled.
**glosstex.ins
(./glosstex.ins
LaTeX2e <2018-04-01> patch level 2
Babel <3.18> and hyphenation patterns for 84 language(s) loaded.
(/usr/local/texlive/2018/texmf-dist/tex/latex/base/docstrip.tex
\blockLevel=\count80
\emptyLines=\count81
\processedLines=\count82
\commentsRemoved=\count83
\commentsPassed=\count84
\codeLinesPassed=\count85
\TotalprocessedLines=\count86
\TotalcommentsRemoved=\count87
\TotalcommentsPassed=\count88
\TotalcodeLinesPassed=\count89
\NumberOfFiles=\count90
\inFile=\read1
\inputcheck=\read2
\off@0=\count91
\off@1=\count92
\off@2=\count93
\off@3=\count94
\off@4=\count95
\off@5=\count96
\off@6=\count97
\off@7=\count98
\off@8=\count99
\off@9=\count100
\off@10=\count101
\off@11=\count102
\off@12=\count103
\off@13=\count104
\off@14=\count105
\off@15=\count106
\@maxfiles=\count107
\@maxoutfiles=\count108

Utility: `docstrip' 2.5e <2014/09/29>
English documentation    <2017/03/13>

**********************************************************
* This program converts documented macro-files into fast *
* loadable files by stripping off (nearly) all comments! *
**********************************************************

********************************************************
* No Configuration file found, using default settings. *
********************************************************

(./glosstex.ins

Generating file(s) ./glosstex.sty ./glosstex.std ./glosstex.ist ./glosstex.gdf 
./glosstex.cfg 
\openout0 = `./glosstex.sty'.

\openout1 = `./glosstex.std'.

\openout2 = `./glosstex.ist'.

\openout3 = `./glosstex.gdf'.

\openout4 = `./glosstex.cfg'.


Processing file glosstex.dtx (package) -> glosstex.sty
                             (std) -> glosstex.std
                             (ist) -> glosstex.ist
                             (gdf) -> glosstex.gdf
                             (cfg) -> glosstex.cfg
File glosstex.dtx ended by \endinput.
Lines  processed: 1768
Comments removed: 1092
Comments  passed: 16
Codelines passed: 646

**********************************************************************
*
* You will find the documentation in glosstex.dvi. You may remake it
* by running latex on glosstex.dtx or invoking `make doc'
*
* To finish the installation you have to move the following
* files (according to TDS):
*
* glosstex.sty to texmf/tex/latex/glosstex
* glosstex.std to texmf/tex/latex/glosstex
* glosstex.ist to texmf/makeindex
*
* and your own .gdf-files to texmf/glosstex.
*
* The files `glosstex.gdf' and `glosstex.cfg` are meant just for
* this document, so you won't want to install them, normally.
*
* Happy TeXing!
**********************************************************************
) ) ) 
Here is how much of TeX's memory you used:
 347 strings out of 492649
 3600 string characters out of 6129621
 66922 words of memory out of 5000000
 4319 multiletter control sequences out of 15000+600000
 3640 words of font info for 14 fonts, out of 8000000 for 9000
 1141 hyphenation exceptions out of 8191
 15i,0n,15p,225b,160s stack positions out of 5000i,500n,10000p,200000b,80000s

No pages of output.
PDF statistics:
 0 PDF objects out of 1000 (max. 8388607)
 0 named destinations out of 1000 (max. 500000)
 1 words of extra memory for PDF output out of 10000 (max. 10000000)

